<?xml version="1.0" encoding="UTF-8"?>
<!-- Generated by org.testng.reporters.JUnitReportReporter -->
<testsuite skipped="0" hostname="ATMECSINLT-220" name="com.automate.flight.utility.Data" tests="1" failures="0" timestamp="17 Jan 2019 06:49:06 GMT" time="0.955" errors="0">
  <testcase name="read" time="0.955" classname="com.automate.flight.utility.Data"/>
</testsuite> <!-- com.automate.flight.utility.Data -->
